Determining if the pthread_create exist failed with the following output:
Change Dir: /home/sgs/code/github/c/ExceptionControl/cmake-build-debug/CMakeFiles/CMakeTmp

Run Build Command:"/usr/bin/make" "cmTC_0a0d0/fast"
/usr/bin/make -f CMakeFiles/cmTC_0a0d0.dir/build.make CMakeFiles/cmTC_0a0d0.dir/build
make[1]: Entering directory '/home/sgs/code/github/c/ExceptionControl/cmake-build-debug/CMakeFiles/CMakeTmp'
Building C object CMakeFiles/cmTC_0a0d0.dir/CheckSymbolExists.c.o
/usr/bin/cc    -o CMakeFiles/cmTC_0a0d0.dir/CheckSymbolExists.c.o   -c /home/sgs/code/github/c/ExceptionControl/cmake-build-debug/CMakeFiles/CMakeTmp/CheckSymbolExists.c
Linking C executable cmTC_0a0d0
/home/sgs/usr/local/clion-2018.2.3/bin/cmake/linux/bin/cmake -E cmake_link_script CMakeFiles/cmTC_0a0d0.dir/link.txt --verbose=1
/usr/bin/cc      CMakeFiles/cmTC_0a0d0.dir/CheckSymbolExists.c.o  -o cmTC_0a0d0 
CMakeFiles/cmTC_0a0d0.dir/CheckSymbolExists.c.o：在函数‘main’中：
CheckSymbolExists.c:(.text+0x16)：对‘pthread_create’未定义的引用
collect2: error: ld returned 1 exit status
CMakeFiles/cmTC_0a0d0.dir/build.make:86: recipe for target 'cmTC_0a0d0' failed
make[1]: *** [cmTC_0a0d0] Error 1
make[1]: Leaving directory '/home/sgs/code/github/c/ExceptionControl/cmake-build-debug/CMakeFiles/CMakeTmp'
Makefile:121: recipe for target 'cmTC_0a0d0/fast' failed
make: *** [cmTC_0a0d0/fast] Error 2

File /home/sgs/code/github/c/ExceptionControl/cmake-build-debug/CMakeFiles/CMakeTmp/CheckSymbolExists.c:
/* */
#include <pthread.h>

int main(int argc, char** argv)
{
  (void)argv;
#ifndef pthread_create
  return ((int*)(&pthread_create))[argc];
#else
  (void)argc;
  return 0;
#endif
}

Determining if the function pthread_create exists in the pthreads failed with the following output:
Change Dir: /home/sgs/code/github/c/ExceptionControl/cmake-build-debug/CMakeFiles/CMakeTmp

Run Build Command:"/usr/bin/make" "cmTC_96c0b/fast"
/usr/bin/make -f CMakeFiles/cmTC_96c0b.dir/build.make CMakeFiles/cmTC_96c0b.dir/build
make[1]: Entering directory '/home/sgs/code/github/c/ExceptionControl/cmake-build-debug/CMakeFiles/CMakeTmp'
Building C object CMakeFiles/cmTC_96c0b.dir/CheckFunctionExists.c.o
/usr/bin/cc   -DCHECK_FUNCTION_EXISTS=pthread_create   -o CMakeFiles/cmTC_96c0b.dir/CheckFunctionExists.c.o   -c /home/sgs/usr/local/clion-2018.2.3/bin/cmake/linux/share/cmake-3.12/Modules/CheckFunctionExists.c
Linking C executable cmTC_96c0b
/home/sgs/usr/local/clion-2018.2.3/bin/cmake/linux/bin/cmake -E cmake_link_script CMakeFiles/cmTC_96c0b.dir/link.txt --verbose=1
/usr/bin/cc  -DCHECK_FUNCTION_EXISTS=pthread_create    CMakeFiles/cmTC_96c0b.dir/CheckFunctionExists.c.o  -o cmTC_96c0b -lpthreads 
/usr/bin/ld: 找不到 -lpthreads
collect2: error: ld returned 1 exit status
CMakeFiles/cmTC_96c0b.dir/build.make:86: recipe for target 'cmTC_96c0b' failed
make[1]: *** [cmTC_96c0b] Error 1
make[1]: Leaving directory '/home/sgs/code/github/c/ExceptionControl/cmake-build-debug/CMakeFiles/CMakeTmp'
Makefile:121: recipe for target 'cmTC_96c0b/fast' failed
make: *** [cmTC_96c0b/fast] Error 2


