The target system is: Android - 26 - armv5te
The host system is: Linux - 4.15.0-72-generic - x86_64
Compiling the C compiler identification source file "CMakeCCompilerId.c" succeeded.
Compiler: /home/sgs/android/sdk/android-sdk-linux/android-ndk-r16b/toolchains/llvm/prebuilt/linux-x86_64/bin/clang 
Build flags: 
Id flags:  

The output was:
0


Compilation of the C compiler identification source "CMakeCCompilerId.c" produced "a.out"

The C compiler identification is Clang, found in "/home/sgs/code/github/c/ExceptionControl/cmake-build-arm-v7a/CMakeFiles/3.12.1/CompilerIdC/a.out"

Compiling the CXX compiler identification source file "CMakeCXXCompilerId.cpp" succeeded.
Compiler: /home/sgs/android/sdk/android-sdk-linux/android-ndk-r16b/toolchains/llvm/prebuilt/linux-x86_64/bin/clang++ 
Build flags: 
Id flags:  

The output was:
0


Compilation of the CXX compiler identification source "CMakeCXXCompilerId.cpp" produced "a.out"

The CXX compiler identification is Clang, found in "/home/sgs/code/github/c/ExceptionControl/cmake-build-arm-v7a/CMakeFiles/3.12.1/CompilerIdCXX/a.out"

Determining if the C compiler works passed with the following output:
Change Dir: /home/sgs/code/github/c/ExceptionControl/cmake-build-arm-v7a/CMakeFiles/CMakeTmp

Run Build Command:"/usr/bin/make" "cmTC_239c4/fast"
/usr/bin/make -f CMakeFiles/cmTC_239c4.dir/build.make CMakeFiles/cmTC_239c4.dir/build
make[1]: Entering directory '/home/sgs/code/github/c/ExceptionControl/cmake-build-arm-v7a/CMakeFiles/CMakeTmp'
Building C object CMakeFiles/cmTC_239c4.dir/testCCompiler.c.o
/home/sgs/android/sdk/android-sdk-linux/android-ndk-r16b/toolchains/llvm/prebuilt/linux-x86_64/bin/clang --target=armv5te-none-linux-androideabi --gcc-toolchain=/home/sgs/android/sdk/android-sdk-linux/android-ndk-r16b/toolchains/arm-linux-androideabi-4.9/prebuilt/linux-x86_64 --sysroot=/home/sgs/android/sdk/android-sdk-linux/android-ndk-r16b/sysroot  -isystem /home/sgs/android/sdk/android-sdk-linux/android-ndk-r16b/sysroot/usr/include -isystem /home/sgs/android/sdk/android-sdk-linux/android-ndk-r16b/sysroot/usr/include/arm-linux-androideabi  -g -fPIE   -o CMakeFiles/cmTC_239c4.dir/testCCompiler.c.o   -c /home/sgs/code/github/c/ExceptionControl/cmake-build-arm-v7a/CMakeFiles/CMakeTmp/testCCompiler.c
Linking C executable cmTC_239c4
/home/sgs/usr/local/clion-2018.2.3/bin/cmake/linux/bin/cmake -E cmake_link_script CMakeFiles/cmTC_239c4.dir/link.txt --verbose=1
/home/sgs/android/sdk/android-sdk-linux/android-ndk-r16b/toolchains/llvm/prebuilt/linux-x86_64/bin/clang --target=armv5te-none-linux-androideabi --gcc-toolchain=/home/sgs/android/sdk/android-sdk-linux/android-ndk-r16b/toolchains/arm-linux-androideabi-4.9/prebuilt/linux-x86_64 --sysroot=/home/sgs/android/sdk/android-sdk-linux/android-ndk-r16b/platforms/android-26/arch-arm   -g  -fPIE -pie -Wl,--gc-sections -Wl,-z,nocopyreloc  CMakeFiles/cmTC_239c4.dir/testCCompiler.c.o  -o cmTC_239c4 
make[1]: Leaving directory '/home/sgs/code/github/c/ExceptionControl/cmake-build-arm-v7a/CMakeFiles/CMakeTmp'


Detecting C compiler ABI info compiled with the following output:
Change Dir: /home/sgs/code/github/c/ExceptionControl/cmake-build-arm-v7a/CMakeFiles/CMakeTmp

Run Build Command:"/usr/bin/make" "cmTC_7b5a8/fast"
/usr/bin/make -f CMakeFiles/cmTC_7b5a8.dir/build.make CMakeFiles/cmTC_7b5a8.dir/build
make[1]: Entering directory '/home/sgs/code/github/c/ExceptionControl/cmake-build-arm-v7a/CMakeFiles/CMakeTmp'
Building C object CMakeFiles/cmTC_7b5a8.dir/CMakeCCompilerABI.c.o
/home/sgs/android/sdk/android-sdk-linux/android-ndk-r16b/toolchains/llvm/prebuilt/linux-x86_64/bin/clang --target=armv5te-none-linux-androideabi --gcc-toolchain=/home/sgs/android/sdk/android-sdk-linux/android-ndk-r16b/toolchains/arm-linux-androideabi-4.9/prebuilt/linux-x86_64 --sysroot=/home/sgs/android/sdk/android-sdk-linux/android-ndk-r16b/sysroot  -isystem /home/sgs/android/sdk/android-sdk-linux/android-ndk-r16b/sysroot/usr/include -isystem /home/sgs/android/sdk/android-sdk-linux/android-ndk-r16b/sysroot/usr/include/arm-linux-androideabi  -g -fPIE   -o CMakeFiles/cmTC_7b5a8.dir/CMakeCCompilerABI.c.o   -c /home/sgs/usr/local/clion-2018.2.3/bin/cmake/linux/share/cmake-3.12/Modules/CMakeCCompilerABI.c
Linking C executable cmTC_7b5a8
/home/sgs/usr/local/clion-2018.2.3/bin/cmake/linux/bin/cmake -E cmake_link_script CMakeFiles/cmTC_7b5a8.dir/link.txt --verbose=1
/home/sgs/android/sdk/android-sdk-linux/android-ndk-r16b/toolchains/llvm/prebuilt/linux-x86_64/bin/clang --target=armv5te-none-linux-androideabi --gcc-toolchain=/home/sgs/android/sdk/android-sdk-linux/android-ndk-r16b/toolchains/arm-linux-androideabi-4.9/prebuilt/linux-x86_64 --sysroot=/home/sgs/android/sdk/android-sdk-linux/android-ndk-r16b/platforms/android-26/arch-arm   -g  -fPIE -pie -Wl,--gc-sections -Wl,-z,nocopyreloc -v CMakeFiles/cmTC_7b5a8.dir/CMakeCCompilerABI.c.o  -o cmTC_7b5a8 
Android clang version 5.0.300080  (based on LLVM 5.0.300080)
Target: armv5te-none-linux-android
Thread model: posix
InstalledDir: /home/sgs/android/sdk/android-sdk-linux/android-ndk-r16b/toolchains/llvm/prebuilt/linux-x86_64/bin
Found candidate GCC installation: /home/sgs/android/sdk/android-sdk-linux/android-ndk-r16b/toolchains/arm-linux-androideabi-4.9/prebuilt/linux-x86_64/lib/gcc/arm-linux-androideabi/4.9.x
Selected GCC installation: /home/sgs/android/sdk/android-sdk-linux/android-ndk-r16b/toolchains/arm-linux-androideabi-4.9/prebuilt/linux-x86_64/lib/gcc/arm-linux-androideabi/4.9.x
Candidate multilib: thumb;@thumb
Candidate multilib: armv7-a;@armv7
Candidate multilib: armv7-a/thumb;@armv7@thumb
Candidate multilib: .;
Selected multilib: .;
 "/home/sgs/android/sdk/android-sdk-linux/android-ndk-r16b/toolchains/arm-linux-androideabi-4.9/prebuilt/linux-x86_64/lib/gcc/arm-linux-androideabi/4.9.x/../../../../arm-linux-androideabi/bin/ld" --sysroot=/home/sgs/android/sdk/android-sdk-linux/android-ndk-r16b/platforms/android-26/arch-arm -pie -z relro -X --eh-frame-hdr -m armelf_linux_eabi -dynamic-linker /system/bin/linker -o cmTC_7b5a8 /home/sgs/android/sdk/android-sdk-linux/android-ndk-r16b/platforms/android-26/arch-arm/usr/lib/../lib/crtbegin_dynamic.o -L/home/sgs/android/sdk/android-sdk-linux/android-ndk-r16b/toolchains/llvm/prebuilt/linux-x86_64/lib64/clang/5.0.300080/lib/linux/arm -L/home/sgs/android/sdk/android-sdk-linux/android-ndk-r16b/toolchains/arm-linux-androideabi-4.9/prebuilt/linux-x86_64/lib/gcc/arm-linux-androideabi/4.9.x -L/home/sgs/android/sdk/android-sdk-linux/android-ndk-r16b/toolchains/arm-linux-androideabi-4.9/prebuilt/linux-x86_64/lib/gcc/arm-linux-androideabi/4.9.x/../../../../arm-linux-androideabi/lib/../lib -L/home/sgs/android/sdk/android-sdk-linux/android-ndk-r16b/platforms/android-26/arch-arm/usr/lib/../lib -L/home/sgs/android/sdk/android-sdk-linux/android-ndk-r16b/toolchains/arm-linux-androideabi-4.9/prebuilt/linux-x86_64/lib/gcc/arm-linux-androideabi/4.9.x/../../../../arm-linux-androideabi/lib -L/home/sgs/android/sdk/android-sdk-linux/android-ndk-r16b/platforms/android-26/arch-arm/usr/lib --gc-sections -z nocopyreloc CMakeFiles/cmTC_7b5a8.dir/CMakeCCompilerABI.c.o -lgcc -ldl -lc -lgcc -ldl /home/sgs/android/sdk/android-sdk-linux/android-ndk-r16b/platforms/android-26/arch-arm/usr/lib/../lib/crtend_android.o
make[1]: Leaving directory '/home/sgs/code/github/c/ExceptionControl/cmake-build-arm-v7a/CMakeFiles/CMakeTmp'


Parsed C implicit link information from above output:
  link line regex: [^( *|.*[/\])(arm-linux-androideabi-ld|CMAKE_LINK_STARTFILE-NOTFOUND|([^/\]+-)?ld|collect2)[^/\]*( |$)]
  ignore line: [Change Dir: /home/sgs/code/github/c/ExceptionControl/cmake-build-arm-v7a/CMakeFiles/CMakeTmp]
  ignore line: []
  ignore line: [Run Build Command:"/usr/bin/make" "cmTC_7b5a8/fast"]
  ignore line: [/usr/bin/make -f CMakeFiles/cmTC_7b5a8.dir/build.make CMakeFiles/cmTC_7b5a8.dir/build]
  ignore line: [make[1]: Entering directory '/home/sgs/code/github/c/ExceptionControl/cmake-build-arm-v7a/CMakeFiles/CMakeTmp']
  ignore line: [Building C object CMakeFiles/cmTC_7b5a8.dir/CMakeCCompilerABI.c.o]
  ignore line: [/home/sgs/android/sdk/android-sdk-linux/android-ndk-r16b/toolchains/llvm/prebuilt/linux-x86_64/bin/clang --target=armv5te-none-linux-androideabi --gcc-toolchain=/home/sgs/android/sdk/android-sdk-linux/android-ndk-r16b/toolchains/arm-linux-androideabi-4.9/prebuilt/linux-x86_64 --sysroot=/home/sgs/android/sdk/android-sdk-linux/android-ndk-r16b/sysroot  -isystem /home/sgs/android/sdk/android-sdk-linux/android-ndk-r16b/sysroot/usr/include -isystem /home/sgs/android/sdk/android-sdk-linux/android-ndk-r16b/sysroot/usr/include/arm-linux-androideabi  -g -fPIE   -o CMakeFiles/cmTC_7b5a8.dir/CMakeCCompilerABI.c.o   -c /home/sgs/usr/local/clion-2018.2.3/bin/cmake/linux/share/cmake-3.12/Modules/CMakeCCompilerABI.c]
  ignore line: [Linking C executable cmTC_7b5a8]
  ignore line: [/home/sgs/usr/local/clion-2018.2.3/bin/cmake/linux/bin/cmake -E cmake_link_script CMakeFiles/cmTC_7b5a8.dir/link.txt --verbose=1]
  ignore line: [/home/sgs/android/sdk/android-sdk-linux/android-ndk-r16b/toolchains/llvm/prebuilt/linux-x86_64/bin/clang --target=armv5te-none-linux-androideabi --gcc-toolchain=/home/sgs/android/sdk/android-sdk-linux/android-ndk-r16b/toolchains/arm-linux-androideabi-4.9/prebuilt/linux-x86_64 --sysroot=/home/sgs/android/sdk/android-sdk-linux/android-ndk-r16b/platforms/android-26/arch-arm   -g  -fPIE -pie -Wl,--gc-sections -Wl,-z,nocopyreloc -v CMakeFiles/cmTC_7b5a8.dir/CMakeCCompilerABI.c.o  -o cmTC_7b5a8 ]
  ignore line: [Android clang version 5.0.300080  (based on LLVM 5.0.300080)]
  ignore line: [Target: armv5te-none-linux-android]
  ignore line: [Thread model: posix]
  ignore line: [InstalledDir: /home/sgs/android/sdk/android-sdk-linux/android-ndk-r16b/toolchains/llvm/prebuilt/linux-x86_64/bin]
  ignore line: [Found candidate GCC installation: /home/sgs/android/sdk/android-sdk-linux/android-ndk-r16b/toolchains/arm-linux-androideabi-4.9/prebuilt/linux-x86_64/lib/gcc/arm-linux-androideabi/4.9.x]
  ignore line: [Selected GCC installation: /home/sgs/android/sdk/android-sdk-linux/android-ndk-r16b/toolchains/arm-linux-androideabi-4.9/prebuilt/linux-x86_64/lib/gcc/arm-linux-androideabi/4.9.x]
  ignore line: [Candidate multilib: thumb]
  ignore line: [@thumb]
  ignore line: [Candidate multilib: armv7-a]
  ignore line: [@armv7]
  ignore line: [Candidate multilib: armv7-a/thumb]
  ignore line: [@armv7@thumb]
  ignore line: [Candidate multilib: .]
  ignore line: []
  ignore line: [Selected multilib: .]
  ignore line: []
  link line: [ "/home/sgs/android/sdk/android-sdk-linux/android-ndk-r16b/toolchains/arm-linux-androideabi-4.9/prebuilt/linux-x86_64/lib/gcc/arm-linux-androideabi/4.9.x/../../../../arm-linux-androideabi/bin/ld" --sysroot=/home/sgs/android/sdk/android-sdk-linux/android-ndk-r16b/platforms/android-26/arch-arm -pie -z relro -X --eh-frame-hdr -m armelf_linux_eabi -dynamic-linker /system/bin/linker -o cmTC_7b5a8 /home/sgs/android/sdk/android-sdk-linux/android-ndk-r16b/platforms/android-26/arch-arm/usr/lib/../lib/crtbegin_dynamic.o -L/home/sgs/android/sdk/android-sdk-linux/android-ndk-r16b/toolchains/llvm/prebuilt/linux-x86_64/lib64/clang/5.0.300080/lib/linux/arm -L/home/sgs/android/sdk/android-sdk-linux/android-ndk-r16b/toolchains/arm-linux-androideabi-4.9/prebuilt/linux-x86_64/lib/gcc/arm-linux-androideabi/4.9.x -L/home/sgs/android/sdk/android-sdk-linux/android-ndk-r16b/toolchains/arm-linux-androideabi-4.9/prebuilt/linux-x86_64/lib/gcc/arm-linux-androideabi/4.9.x/../../../../arm-linux-androideabi/lib/../lib -L/home/sgs/android/sdk/android-sdk-linux/android-ndk-r16b/platforms/android-26/arch-arm/usr/lib/../lib -L/home/sgs/android/sdk/android-sdk-linux/android-ndk-r16b/toolchains/arm-linux-androideabi-4.9/prebuilt/linux-x86_64/lib/gcc/arm-linux-androideabi/4.9.x/../../../../arm-linux-androideabi/lib -L/home/sgs/android/sdk/android-sdk-linux/android-ndk-r16b/platforms/android-26/arch-arm/usr/lib --gc-sections -z nocopyreloc CMakeFiles/cmTC_7b5a8.dir/CMakeCCompilerABI.c.o -lgcc -ldl -lc -lgcc -ldl /home/sgs/android/sdk/android-sdk-linux/android-ndk-r16b/platforms/android-26/arch-arm/usr/lib/../lib/crtend_android.o]
    arg [/home/sgs/android/sdk/android-sdk-linux/android-ndk-r16b/toolchains/arm-linux-androideabi-4.9/prebuilt/linux-x86_64/lib/gcc/arm-linux-androideabi/4.9.x/../../../../arm-linux-androideabi/bin/ld] ==> ignore
    arg [--sysroot=/home/sgs/android/sdk/android-sdk-linux/android-ndk-r16b/platforms/android-26/arch-arm] ==> ignore
    arg [-pie] ==> ignore
    arg [-zrelro] ==> ignore
    arg [-X] ==> ignore
    arg [--eh-frame-hdr] ==> ignore
    arg [-m] ==> ignore
    arg [armelf_linux_eabi] ==> ignore
    arg [-dynamic-linker] ==> ignore
    arg [/system/bin/linker] ==> ignore
    arg [-o] ==> ignore
    arg [cmTC_7b5a8] ==> ignore
    arg [/home/sgs/android/sdk/android-sdk-linux/android-ndk-r16b/platforms/android-26/arch-arm/usr/lib/../lib/crtbegin_dynamic.o] ==> ignore
    arg [-L/home/sgs/android/sdk/android-sdk-linux/android-ndk-r16b/toolchains/llvm/prebuilt/linux-x86_64/lib64/clang/5.0.300080/lib/linux/arm] ==> dir [/home/sgs/android/sdk/android-sdk-linux/android-ndk-r16b/toolchains/llvm/prebuilt/linux-x86_64/lib64/clang/5.0.300080/lib/linux/arm]
    arg [-L/home/sgs/android/sdk/android-sdk-linux/android-ndk-r16b/toolchains/arm-linux-androideabi-4.9/prebuilt/linux-x86_64/lib/gcc/arm-linux-androideabi/4.9.x] ==> dir [/home/sgs/android/sdk/android-sdk-linux/android-ndk-r16b/toolchains/arm-linux-androideabi-4.9/prebuilt/linux-x86_64/lib/gcc/arm-linux-androideabi/4.9.x]
    arg [-L/home/sgs/android/sdk/android-sdk-linux/android-ndk-r16b/toolchains/arm-linux-androideabi-4.9/prebuilt/linux-x86_64/lib/gcc/arm-linux-androideabi/4.9.x/../../../../arm-linux-androideabi/lib/../lib] ==> dir [/home/sgs/android/sdk/android-sdk-linux/android-ndk-r16b/toolchains/arm-linux-androideabi-4.9/prebuilt/linux-x86_64/lib/gcc/arm-linux-androideabi/4.9.x/../../../../arm-linux-androideabi/lib/../lib]
    arg [-L/home/sgs/android/sdk/android-sdk-linux/android-ndk-r16b/platforms/android-26/arch-arm/usr/lib/../lib] ==> dir [/home/sgs/android/sdk/android-sdk-linux/android-ndk-r16b/platforms/android-26/arch-arm/usr/lib/../lib]
    arg [-L/home/sgs/android/sdk/android-sdk-linux/android-ndk-r16b/toolchains/arm-linux-androideabi-4.9/prebuilt/linux-x86_64/lib/gcc/arm-linux-androideabi/4.9.x/../../../../arm-linux-androideabi/lib] ==> dir [/home/sgs/android/sdk/android-sdk-linux/android-ndk-r16b/toolchains/arm-linux-androideabi-4.9/prebuilt/linux-x86_64/lib/gcc/arm-linux-androideabi/4.9.x/../../../../arm-linux-androideabi/lib]
    arg [-L/home/sgs/android/sdk/android-sdk-linux/android-ndk-r16b/platforms/android-26/arch-arm/usr/lib] ==> dir [/home/sgs/android/sdk/android-sdk-linux/android-ndk-r16b/platforms/android-26/arch-arm/usr/lib]
    arg [--gc-sections] ==> ignore
    arg [-znocopyreloc] ==> ignore
    arg [CMakeFiles/cmTC_7b5a8.dir/CMakeCCompilerABI.c.o] ==> ignore
    arg [-lgcc] ==> lib [gcc]
    arg [-ldl] ==> lib [dl]
    arg [-lc] ==> lib [c]
    arg [-lgcc] ==> lib [gcc]
    arg [-ldl] ==> lib [dl]
    arg [/home/sgs/android/sdk/android-sdk-linux/android-ndk-r16b/platforms/android-26/arch-arm/usr/lib/../lib/crtend_android.o] ==> ignore
  collapse library dir [/home/sgs/android/sdk/android-sdk-linux/android-ndk-r16b/toolchains/llvm/prebuilt/linux-x86_64/lib64/clang/5.0.300080/lib/linux/arm] ==> [/home/sgs/android/sdk/android-sdk-linux/android-ndk-r16b/toolchains/llvm/prebuilt/linux-x86_64/lib64/clang/5.0.300080/lib/linux/arm]
  collapse library dir [/home/sgs/android/sdk/android-sdk-linux/android-ndk-r16b/toolchains/arm-linux-androideabi-4.9/prebuilt/linux-x86_64/lib/gcc/arm-linux-androideabi/4.9.x] ==> [/home/sgs/android/sdk/android-sdk-linux/android-ndk-r16b/toolchains/arm-linux-androideabi-4.9/prebuilt/linux-x86_64/lib/gcc/arm-linux-androideabi/4.9.x]
  collapse library dir [/home/sgs/android/sdk/android-sdk-linux/android-ndk-r16b/toolchains/arm-linux-androideabi-4.9/prebuilt/linux-x86_64/lib/gcc/arm-linux-androideabi/4.9.x/../../../../arm-linux-androideabi/lib/../lib] ==> [/home/sgs/android/sdk/android-sdk-linux/android-ndk-r16b/toolchains/arm-linux-androideabi-4.9/prebuilt/linux-x86_64/arm-linux-androideabi/lib]
  collapse library dir [/home/sgs/android/sdk/android-sdk-linux/android-ndk-r16b/platforms/android-26/arch-arm/usr/lib/../lib] ==> [/home/sgs/android/sdk/android-sdk-linux/android-ndk-r16b/platforms/android-26/arch-arm/usr/lib]
  collapse library dir [/home/sgs/android/sdk/android-sdk-linux/android-ndk-r16b/toolchains/arm-linux-androideabi-4.9/prebuilt/linux-x86_64/lib/gcc/arm-linux-androideabi/4.9.x/../../../../arm-linux-androideabi/lib] ==> [/home/sgs/android/sdk/android-sdk-linux/android-ndk-r16b/toolchains/arm-linux-androideabi-4.9/prebuilt/linux-x86_64/arm-linux-androideabi/lib]
  collapse library dir [/home/sgs/android/sdk/android-sdk-linux/android-ndk-r16b/platforms/android-26/arch-arm/usr/lib] ==> [/home/sgs/android/sdk/android-sdk-linux/android-ndk-r16b/platforms/android-26/arch-arm/usr/lib]
  implicit libs: [gcc;dl;c;gcc;dl]
  implicit dirs: [/home/sgs/android/sdk/android-sdk-linux/android-ndk-r16b/toolchains/llvm/prebuilt/linux-x86_64/lib64/clang/5.0.300080/lib/linux/arm;/home/sgs/android/sdk/android-sdk-linux/android-ndk-r16b/toolchains/arm-linux-androideabi-4.9/prebuilt/linux-x86_64/lib/gcc/arm-linux-androideabi/4.9.x;/home/sgs/android/sdk/android-sdk-linux/android-ndk-r16b/toolchains/arm-linux-androideabi-4.9/prebuilt/linux-x86_64/arm-linux-androideabi/lib;/home/sgs/android/sdk/android-sdk-linux/android-ndk-r16b/platforms/android-26/arch-arm/usr/lib]
  implicit fwks: []




Detecting C [-std=c11] compiler features compiled with the following output:
Change Dir: /home/sgs/code/github/c/ExceptionControl/cmake-build-arm-v7a/CMakeFiles/CMakeTmp

Run Build Command:"/usr/bin/make" "cmTC_f05bc/fast"
/usr/bin/make -f CMakeFiles/cmTC_f05bc.dir/build.make CMakeFiles/cmTC_f05bc.dir/build
make[1]: Entering directory '/home/sgs/code/github/c/ExceptionControl/cmake-build-arm-v7a/CMakeFiles/CMakeTmp'
Building C object CMakeFiles/cmTC_f05bc.dir/feature_tests.c.o
/home/sgs/android/sdk/android-sdk-linux/android-ndk-r16b/toolchains/llvm/prebuilt/linux-x86_64/bin/clang --target=armv5te-none-linux-androideabi --gcc-toolchain=/home/sgs/android/sdk/android-sdk-linux/android-ndk-r16b/toolchains/arm-linux-androideabi-4.9/prebuilt/linux-x86_64 --sysroot=/home/sgs/android/sdk/android-sdk-linux/android-ndk-r16b/sysroot  -isystem /home/sgs/android/sdk/android-sdk-linux/android-ndk-r16b/sysroot/usr/include -isystem /home/sgs/android/sdk/android-sdk-linux/android-ndk-r16b/sysroot/usr/include/arm-linux-androideabi  -g -fPIE   -std=c11 -o CMakeFiles/cmTC_f05bc.dir/feature_tests.c.o   -c /home/sgs/code/github/c/ExceptionControl/cmake-build-arm-v7a/CMakeFiles/feature_tests.c
Linking C executable cmTC_f05bc
/home/sgs/usr/local/clion-2018.2.3/bin/cmake/linux/bin/cmake -E cmake_link_script CMakeFiles/cmTC_f05bc.dir/link.txt --verbose=1
/home/sgs/android/sdk/android-sdk-linux/android-ndk-r16b/toolchains/llvm/prebuilt/linux-x86_64/bin/clang --target=armv5te-none-linux-androideabi --gcc-toolchain=/home/sgs/android/sdk/android-sdk-linux/android-ndk-r16b/toolchains/arm-linux-androideabi-4.9/prebuilt/linux-x86_64 --sysroot=/home/sgs/android/sdk/android-sdk-linux/android-ndk-r16b/platforms/android-26/arch-arm   -g  -fPIE -pie -Wl,--gc-sections -Wl,-z,nocopyreloc  CMakeFiles/cmTC_f05bc.dir/feature_tests.c.o  -o cmTC_f05bc 
make[1]: Leaving directory '/home/sgs/code/github/c/ExceptionControl/cmake-build-arm-v7a/CMakeFiles/CMakeTmp'


    Feature record: C_FEATURE:1c_function_prototypes
    Feature record: C_FEATURE:1c_restrict
    Feature record: C_FEATURE:1c_static_assert
    Feature record: C_FEATURE:1c_variadic_macros


Detecting C [-std=c99] compiler features compiled with the following output:
Change Dir: /home/sgs/code/github/c/ExceptionControl/cmake-build-arm-v7a/CMakeFiles/CMakeTmp

Run Build Command:"/usr/bin/make" "cmTC_5a596/fast"
/usr/bin/make -f CMakeFiles/cmTC_5a596.dir/build.make CMakeFiles/cmTC_5a596.dir/build
make[1]: Entering directory '/home/sgs/code/github/c/ExceptionControl/cmake-build-arm-v7a/CMakeFiles/CMakeTmp'
Building C object CMakeFiles/cmTC_5a596.dir/feature_tests.c.o
/home/sgs/android/sdk/android-sdk-linux/android-ndk-r16b/toolchains/llvm/prebuilt/linux-x86_64/bin/clang --target=armv5te-none-linux-androideabi --gcc-toolchain=/home/sgs/android/sdk/android-sdk-linux/android-ndk-r16b/toolchains/arm-linux-androideabi-4.9/prebuilt/linux-x86_64 --sysroot=/home/sgs/android/sdk/android-sdk-linux/android-ndk-r16b/sysroot  -isystem /home/sgs/android/sdk/android-sdk-linux/android-ndk-r16b/sysroot/usr/include -isystem /home/sgs/android/sdk/android-sdk-linux/android-ndk-r16b/sysroot/usr/include/arm-linux-androideabi  -g -fPIE   -std=c99 -o CMakeFiles/cmTC_5a596.dir/feature_tests.c.o   -c /home/sgs/code/github/c/ExceptionControl/cmake-build-arm-v7a/CMakeFiles/feature_tests.c
Linking C executable cmTC_5a596
/home/sgs/usr/local/clion-2018.2.3/bin/cmake/linux/bin/cmake -E cmake_link_script CMakeFiles/cmTC_5a596.dir/link.txt --verbose=1
/home/sgs/android/sdk/android-sdk-linux/android-ndk-r16b/toolchains/llvm/prebuilt/linux-x86_64/bin/clang --target=armv5te-none-linux-androideabi --gcc-toolchain=/home/sgs/android/sdk/android-sdk-linux/android-ndk-r16b/toolchains/arm-linux-androideabi-4.9/prebuilt/linux-x86_64 --sysroot=/home/sgs/android/sdk/android-sdk-linux/android-ndk-r16b/platforms/android-26/arch-arm   -g  -fPIE -pie -Wl,--gc-sections -Wl,-z,nocopyreloc  CMakeFiles/cmTC_5a596.dir/feature_tests.c.o  -o cmTC_5a596 
make[1]: Leaving directory '/home/sgs/code/github/c/ExceptionControl/cmake-build-arm-v7a/CMakeFiles/CMakeTmp'


    Feature record: C_FEATURE:1c_function_prototypes
    Feature record: C_FEATURE:1c_restrict
    Feature record: C_FEATURE:0c_static_assert
    Feature record: C_FEATURE:1c_variadic_macros


Detecting C [-std=c90] compiler features compiled with the following output:
Change Dir: /home/sgs/code/github/c/ExceptionControl/cmake-build-arm-v7a/CMakeFiles/CMakeTmp

Run Build Command:"/usr/bin/make" "cmTC_1544e/fast"
/usr/bin/make -f CMakeFiles/cmTC_1544e.dir/build.make CMakeFiles/cmTC_1544e.dir/build
make[1]: Entering directory '/home/sgs/code/github/c/ExceptionControl/cmake-build-arm-v7a/CMakeFiles/CMakeTmp'
Building C object CMakeFiles/cmTC_1544e.dir/feature_tests.c.o
/home/sgs/android/sdk/android-sdk-linux/android-ndk-r16b/toolchains/llvm/prebuilt/linux-x86_64/bin/clang --target=armv5te-none-linux-androideabi --gcc-toolchain=/home/sgs/android/sdk/android-sdk-linux/android-ndk-r16b/toolchains/arm-linux-androideabi-4.9/prebuilt/linux-x86_64 --sysroot=/home/sgs/android/sdk/android-sdk-linux/android-ndk-r16b/sysroot  -isystem /home/sgs/android/sdk/android-sdk-linux/android-ndk-r16b/sysroot/usr/include -isystem /home/sgs/android/sdk/android-sdk-linux/android-ndk-r16b/sysroot/usr/include/arm-linux-androideabi  -g -fPIE   -std=c90 -o CMakeFiles/cmTC_1544e.dir/feature_tests.c.o   -c /home/sgs/code/github/c/ExceptionControl/cmake-build-arm-v7a/CMakeFiles/feature_tests.c
Linking C executable cmTC_1544e
/home/sgs/usr/local/clion-2018.2.3/bin/cmake/linux/bin/cmake -E cmake_link_script CMakeFiles/cmTC_1544e.dir/link.txt --verbose=1
/home/sgs/android/sdk/android-sdk-linux/android-ndk-r16b/toolchains/llvm/prebuilt/linux-x86_64/bin/clang --target=armv5te-none-linux-androideabi --gcc-toolchain=/home/sgs/android/sdk/android-sdk-linux/android-ndk-r16b/toolchains/arm-linux-androideabi-4.9/prebuilt/linux-x86_64 --sysroot=/home/sgs/android/sdk/android-sdk-linux/android-ndk-r16b/platforms/android-26/arch-arm   -g  -fPIE -pie -Wl,--gc-sections -Wl,-z,nocopyreloc  CMakeFiles/cmTC_1544e.dir/feature_tests.c.o  -o cmTC_1544e 
make[1]: Leaving directory '/home/sgs/code/github/c/ExceptionControl/cmake-build-arm-v7a/CMakeFiles/CMakeTmp'


    Feature record: C_FEATURE:1c_function_prototypes
    Feature record: C_FEATURE:0c_restrict
    Feature record: C_FEATURE:0c_static_assert
    Feature record: C_FEATURE:0c_variadic_macros
Determining if the CXX compiler works passed with the following output:
Change Dir: /home/sgs/code/github/c/ExceptionControl/cmake-build-arm-v7a/CMakeFiles/CMakeTmp

Run Build Command:"/usr/bin/make" "cmTC_aec4d/fast"
/usr/bin/make -f CMakeFiles/cmTC_aec4d.dir/build.make CMakeFiles/cmTC_aec4d.dir/build
make[1]: Entering directory '/home/sgs/code/github/c/ExceptionControl/cmake-build-arm-v7a/CMakeFiles/CMakeTmp'
Building CXX object CMakeFiles/cmTC_aec4d.dir/testCXXCompiler.cxx.o
/home/sgs/android/sdk/android-sdk-linux/android-ndk-r16b/toolchains/llvm/prebuilt/linux-x86_64/bin/clang++ --target=armv5te-none-linux-androideabi --gcc-toolchain=/home/sgs/android/sdk/android-sdk-linux/android-ndk-r16b/toolchains/arm-linux-androideabi-4.9/prebuilt/linux-x86_64 --sysroot=/home/sgs/android/sdk/android-sdk-linux/android-ndk-r16b/sysroot   -isystem /home/sgs/android/sdk/android-sdk-linux/android-ndk-r16b/sources/cxx-stl/gnu-libstdc++/4.9/include -isystem /home/sgs/android/sdk/android-sdk-linux/android-ndk-r16b/sources/cxx-stl/gnu-libstdc++/4.9/libs/armeabi/include -isystem /home/sgs/android/sdk/android-sdk-linux/android-ndk-r16b/sources/cxx-stl/gnu-libstdc++/4.9/include/backward -isystem /home/sgs/android/sdk/android-sdk-linux/android-ndk-r16b/sysroot/usr/include -isystem /home/sgs/android/sdk/android-sdk-linux/android-ndk-r16b/sysroot/usr/include/arm-linux-androideabi  -g -fPIE   -o CMakeFiles/cmTC_aec4d.dir/testCXXCompiler.cxx.o -c /home/sgs/code/github/c/ExceptionControl/cmake-build-arm-v7a/CMakeFiles/CMakeTmp/testCXXCompiler.cxx
Linking CXX executable cmTC_aec4d
/home/sgs/usr/local/clion-2018.2.3/bin/cmake/linux/bin/cmake -E cmake_link_script CMakeFiles/cmTC_aec4d.dir/link.txt --verbose=1
/home/sgs/android/sdk/android-sdk-linux/android-ndk-r16b/toolchains/llvm/prebuilt/linux-x86_64/bin/clang++ --target=armv5te-none-linux-androideabi --gcc-toolchain=/home/sgs/android/sdk/android-sdk-linux/android-ndk-r16b/toolchains/arm-linux-androideabi-4.9/prebuilt/linux-x86_64 --sysroot=/home/sgs/android/sdk/android-sdk-linux/android-ndk-r16b/platforms/android-26/arch-arm    -g  -fPIE -pie -Wl,--gc-sections -Wl,-z,nocopyreloc  CMakeFiles/cmTC_aec4d.dir/testCXXCompiler.cxx.o  -o cmTC_aec4d  "/home/sgs/android/sdk/android-sdk-linux/android-ndk-r16b/sources/cxx-stl/gnu-libstdc++/4.9/libs/armeabi/libgnustl_static.a" -nodefaultlibs -lgcc -lc -lm -ldl 
make[1]: Leaving directory '/home/sgs/code/github/c/ExceptionControl/cmake-build-arm-v7a/CMakeFiles/CMakeTmp'


Detecting CXX compiler ABI info compiled with the following output:
Change Dir: /home/sgs/code/github/c/ExceptionControl/cmake-build-arm-v7a/CMakeFiles/CMakeTmp

Run Build Command:"/usr/bin/make" "cmTC_7abd3/fast"
/usr/bin/make -f CMakeFiles/cmTC_7abd3.dir/build.make CMakeFiles/cmTC_7abd3.dir/build
make[1]: Entering directory '/home/sgs/code/github/c/ExceptionControl/cmake-build-arm-v7a/CMakeFiles/CMakeTmp'
Building CXX object CMakeFiles/cmTC_7abd3.dir/CMakeCXXCompilerABI.cpp.o
/home/sgs/android/sdk/android-sdk-linux/android-ndk-r16b/toolchains/llvm/prebuilt/linux-x86_64/bin/clang++ --target=armv5te-none-linux-androideabi --gcc-toolchain=/home/sgs/android/sdk/android-sdk-linux/android-ndk-r16b/toolchains/arm-linux-androideabi-4.9/prebuilt/linux-x86_64 --sysroot=/home/sgs/android/sdk/android-sdk-linux/android-ndk-r16b/sysroot   -isystem /home/sgs/android/sdk/android-sdk-linux/android-ndk-r16b/sources/cxx-stl/gnu-libstdc++/4.9/include -isystem /home/sgs/android/sdk/android-sdk-linux/android-ndk-r16b/sources/cxx-stl/gnu-libstdc++/4.9/libs/armeabi/include -isystem /home/sgs/android/sdk/android-sdk-linux/android-ndk-r16b/sources/cxx-stl/gnu-libstdc++/4.9/include/backward -isystem /home/sgs/android/sdk/android-sdk-linux/android-ndk-r16b/sysroot/usr/include -isystem /home/sgs/android/sdk/android-sdk-linux/android-ndk-r16b/sysroot/usr/include/arm-linux-androideabi  -g -fPIE   -o CMakeFiles/cmTC_7abd3.dir/CMakeCXXCompilerABI.cpp.o -c /home/sgs/usr/local/clion-2018.2.3/bin/cmake/linux/share/cmake-3.12/Modules/CMakeCXXCompilerABI.cpp
Linking CXX executable cmTC_7abd3
/home/sgs/usr/local/clion-2018.2.3/bin/cmake/linux/bin/cmake -E cmake_link_script CMakeFiles/cmTC_7abd3.dir/link.txt --verbose=1
/home/sgs/android/sdk/android-sdk-linux/android-ndk-r16b/toolchains/llvm/prebuilt/linux-x86_64/bin/clang++ --target=armv5te-none-linux-androideabi --gcc-toolchain=/home/sgs/android/sdk/android-sdk-linux/android-ndk-r16b/toolchains/arm-linux-androideabi-4.9/prebuilt/linux-x86_64 --sysroot=/home/sgs/android/sdk/android-sdk-linux/android-ndk-r16b/platforms/android-26/arch-arm    -g  -fPIE -pie -Wl,--gc-sections -Wl,-z,nocopyreloc -v CMakeFiles/cmTC_7abd3.dir/CMakeCXXCompilerABI.cpp.o  -o cmTC_7abd3  "/home/sgs/android/sdk/android-sdk-linux/android-ndk-r16b/sources/cxx-stl/gnu-libstdc++/4.9/libs/armeabi/libgnustl_static.a" -nodefaultlibs -lgcc -lc -lm -ldl 
Android clang version 5.0.300080  (based on LLVM 5.0.300080)
Target: armv5te-none-linux-android
Thread model: posix
InstalledDir: /home/sgs/android/sdk/android-sdk-linux/android-ndk-r16b/toolchains/llvm/prebuilt/linux-x86_64/bin
Found candidate GCC installation: /home/sgs/android/sdk/android-sdk-linux/android-ndk-r16b/toolchains/arm-linux-androideabi-4.9/prebuilt/linux-x86_64/lib/gcc/arm-linux-androideabi/4.9.x
Selected GCC installation: /home/sgs/android/sdk/android-sdk-linux/android-ndk-r16b/toolchains/arm-linux-androideabi-4.9/prebuilt/linux-x86_64/lib/gcc/arm-linux-androideabi/4.9.x
Candidate multilib: thumb;@thumb
Candidate multilib: armv7-a;@armv7
Candidate multilib: armv7-a/thumb;@armv7@thumb
Candidate multilib: .;
Selected multilib: .;
 "/home/sgs/android/sdk/android-sdk-linux/android-ndk-r16b/toolchains/arm-linux-androideabi-4.9/prebuilt/linux-x86_64/lib/gcc/arm-linux-androideabi/4.9.x/../../../../arm-linux-androideabi/bin/ld" --sysroot=/home/sgs/android/sdk/android-sdk-linux/android-ndk-r16b/platforms/android-26/arch-arm -pie -z relro -X --eh-frame-hdr -m armelf_linux_eabi -dynamic-linker /system/bin/linker -o cmTC_7abd3 /home/sgs/android/sdk/android-sdk-linux/android-ndk-r16b/platforms/android-26/arch-arm/usr/lib/../lib/crtbegin_dynamic.o -L/home/sgs/android/sdk/android-sdk-linux/android-ndk-r16b/toolchains/llvm/prebuilt/linux-x86_64/lib64/clang/5.0.300080/lib/linux/arm -L/home/sgs/android/sdk/android-sdk-linux/android-ndk-r16b/toolchains/arm-linux-androideabi-4.9/prebuilt/linux-x86_64/lib/gcc/arm-linux-androideabi/4.9.x -L/home/sgs/android/sdk/android-sdk-linux/android-ndk-r16b/toolchains/arm-linux-androideabi-4.9/prebuilt/linux-x86_64/lib/gcc/arm-linux-androideabi/4.9.x/../../../../arm-linux-androideabi/lib/../lib -L/home/sgs/android/sdk/android-sdk-linux/android-ndk-r16b/platforms/android-26/arch-arm/usr/lib/../lib -L/home/sgs/android/sdk/android-sdk-linux/android-ndk-r16b/toolchains/arm-linux-androideabi-4.9/prebuilt/linux-x86_64/lib/gcc/arm-linux-androideabi/4.9.x/../../../../arm-linux-androideabi/lib -L/home/sgs/android/sdk/android-sdk-linux/android-ndk-r16b/platforms/android-26/arch-arm/usr/lib --gc-sections -z nocopyreloc CMakeFiles/cmTC_7abd3.dir/CMakeCXXCompilerABI.cpp.o /home/sgs/android/sdk/android-sdk-linux/android-ndk-r16b/sources/cxx-stl/gnu-libstdc++/4.9/libs/armeabi/libgnustl_static.a -lgcc -lc -lm -ldl /home/sgs/android/sdk/android-sdk-linux/android-ndk-r16b/platforms/android-26/arch-arm/usr/lib/../lib/crtend_android.o
make[1]: Leaving directory '/home/sgs/code/github/c/ExceptionControl/cmake-build-arm-v7a/CMakeFiles/CMakeTmp'


Parsed CXX implicit link information from above output:
  link line regex: [^( *|.*[/\])(arm-linux-androideabi-ld|CMAKE_LINK_STARTFILE-NOTFOUND|([^/\]+-)?ld|collect2)[^/\]*( |$)]
  ignore line: [Change Dir: /home/sgs/code/github/c/ExceptionControl/cmake-build-arm-v7a/CMakeFiles/CMakeTmp]
  ignore line: []
  ignore line: [Run Build Command:"/usr/bin/make" "cmTC_7abd3/fast"]
  ignore line: [/usr/bin/make -f CMakeFiles/cmTC_7abd3.dir/build.make CMakeFiles/cmTC_7abd3.dir/build]
  ignore line: [make[1]: Entering directory '/home/sgs/code/github/c/ExceptionControl/cmake-build-arm-v7a/CMakeFiles/CMakeTmp']
  ignore line: [Building CXX object CMakeFiles/cmTC_7abd3.dir/CMakeCXXCompilerABI.cpp.o]
  ignore line: [/home/sgs/android/sdk/android-sdk-linux/android-ndk-r16b/toolchains/llvm/prebuilt/linux-x86_64/bin/clang++ --target=armv5te-none-linux-androideabi --gcc-toolchain=/home/sgs/android/sdk/android-sdk-linux/android-ndk-r16b/toolchains/arm-linux-androideabi-4.9/prebuilt/linux-x86_64 --sysroot=/home/sgs/android/sdk/android-sdk-linux/android-ndk-r16b/sysroot   -isystem /home/sgs/android/sdk/android-sdk-linux/android-ndk-r16b/sources/cxx-stl/gnu-libstdc++/4.9/include -isystem /home/sgs/android/sdk/android-sdk-linux/android-ndk-r16b/sources/cxx-stl/gnu-libstdc++/4.9/libs/armeabi/include -isystem /home/sgs/android/sdk/android-sdk-linux/android-ndk-r16b/sources/cxx-stl/gnu-libstdc++/4.9/include/backward -isystem /home/sgs/android/sdk/android-sdk-linux/android-ndk-r16b/sysroot/usr/include -isystem /home/sgs/android/sdk/android-sdk-linux/android-ndk-r16b/sysroot/usr/include/arm-linux-androideabi  -g -fPIE   -o CMakeFiles/cmTC_7abd3.dir/CMakeCXXCompilerABI.cpp.o -c /home/sgs/usr/local/clion-2018.2.3/bin/cmake/linux/share/cmake-3.12/Modules/CMakeCXXCompilerABI.cpp]
  ignore line: [Linking CXX executable cmTC_7abd3]
  ignore line: [/home/sgs/usr/local/clion-2018.2.3/bin/cmake/linux/bin/cmake -E cmake_link_script CMakeFiles/cmTC_7abd3.dir/link.txt --verbose=1]
  ignore line: [/home/sgs/android/sdk/android-sdk-linux/android-ndk-r16b/toolchains/llvm/prebuilt/linux-x86_64/bin/clang++ --target=armv5te-none-linux-androideabi --gcc-toolchain=/home/sgs/android/sdk/android-sdk-linux/android-ndk-r16b/toolchains/arm-linux-androideabi-4.9/prebuilt/linux-x86_64 --sysroot=/home/sgs/android/sdk/android-sdk-linux/android-ndk-r16b/platforms/android-26/arch-arm    -g  -fPIE -pie -Wl,--gc-sections -Wl,-z,nocopyreloc -v CMakeFiles/cmTC_7abd3.dir/CMakeCXXCompilerABI.cpp.o  -o cmTC_7abd3  "/home/sgs/android/sdk/android-sdk-linux/android-ndk-r16b/sources/cxx-stl/gnu-libstdc++/4.9/libs/armeabi/libgnustl_static.a" -nodefaultlibs -lgcc -lc -lm -ldl ]
  ignore line: [Android clang version 5.0.300080  (based on LLVM 5.0.300080)]
  ignore line: [Target: armv5te-none-linux-android]
  ignore line: [Thread model: posix]
  ignore line: [InstalledDir: /home/sgs/android/sdk/android-sdk-linux/android-ndk-r16b/toolchains/llvm/prebuilt/linux-x86_64/bin]
  ignore line: [Found candidate GCC installation: /home/sgs/android/sdk/android-sdk-linux/android-ndk-r16b/toolchains/arm-linux-androideabi-4.9/prebuilt/linux-x86_64/lib/gcc/arm-linux-androideabi/4.9.x]
  ignore line: [Selected GCC installation: /home/sgs/android/sdk/android-sdk-linux/android-ndk-r16b/toolchains/arm-linux-androideabi-4.9/prebuilt/linux-x86_64/lib/gcc/arm-linux-androideabi/4.9.x]
  ignore line: [Candidate multilib: thumb]
  ignore line: [@thumb]
  ignore line: [Candidate multilib: armv7-a]
  ignore line: [@armv7]
  ignore line: [Candidate multilib: armv7-a/thumb]
  ignore line: [@armv7@thumb]
  ignore line: [Candidate multilib: .]
  ignore line: []
  ignore line: [Selected multilib: .]
  ignore line: []
  link line: [ "/home/sgs/android/sdk/android-sdk-linux/android-ndk-r16b/toolchains/arm-linux-androideabi-4.9/prebuilt/linux-x86_64/lib/gcc/arm-linux-androideabi/4.9.x/../../../../arm-linux-androideabi/bin/ld" --sysroot=/home/sgs/android/sdk/android-sdk-linux/android-ndk-r16b/platforms/android-26/arch-arm -pie -z relro -X --eh-frame-hdr -m armelf_linux_eabi -dynamic-linker /system/bin/linker -o cmTC_7abd3 /home/sgs/android/sdk/android-sdk-linux/android-ndk-r16b/platforms/android-26/arch-arm/usr/lib/../lib/crtbegin_dynamic.o -L/home/sgs/android/sdk/android-sdk-linux/android-ndk-r16b/toolchains/llvm/prebuilt/linux-x86_64/lib64/clang/5.0.300080/lib/linux/arm -L/home/sgs/android/sdk/android-sdk-linux/android-ndk-r16b/toolchains/arm-linux-androideabi-4.9/prebuilt/linux-x86_64/lib/gcc/arm-linux-androideabi/4.9.x -L/home/sgs/android/sdk/android-sdk-linux/android-ndk-r16b/toolchains/arm-linux-androideabi-4.9/prebuilt/linux-x86_64/lib/gcc/arm-linux-androideabi/4.9.x/../../../../arm-linux-androideabi/lib/../lib -L/home/sgs/android/sdk/android-sdk-linux/android-ndk-r16b/platforms/android-26/arch-arm/usr/lib/../lib -L/home/sgs/android/sdk/android-sdk-linux/android-ndk-r16b/toolchains/arm-linux-androideabi-4.9/prebuilt/linux-x86_64/lib/gcc/arm-linux-androideabi/4.9.x/../../../../arm-linux-androideabi/lib -L/home/sgs/android/sdk/android-sdk-linux/android-ndk-r16b/platforms/android-26/arch-arm/usr/lib --gc-sections -z nocopyreloc CMakeFiles/cmTC_7abd3.dir/CMakeCXXCompilerABI.cpp.o /home/sgs/android/sdk/android-sdk-linux/android-ndk-r16b/sources/cxx-stl/gnu-libstdc++/4.9/libs/armeabi/libgnustl_static.a -lgcc -lc -lm -ldl /home/sgs/android/sdk/android-sdk-linux/android-ndk-r16b/platforms/android-26/arch-arm/usr/lib/../lib/crtend_android.o]
    arg [/home/sgs/android/sdk/android-sdk-linux/android-ndk-r16b/toolchains/arm-linux-androideabi-4.9/prebuilt/linux-x86_64/lib/gcc/arm-linux-androideabi/4.9.x/../../../../arm-linux-androideabi/bin/ld] ==> ignore
    arg [--sysroot=/home/sgs/android/sdk/android-sdk-linux/android-ndk-r16b/platforms/android-26/arch-arm] ==> ignore
    arg [-pie] ==> ignore
    arg [-zrelro] ==> ignore
    arg [-X] ==> ignore
    arg [--eh-frame-hdr] ==> ignore
    arg [-m] ==> ignore
    arg [armelf_linux_eabi] ==> ignore
    arg [-dynamic-linker] ==> ignore
    arg [/system/bin/linker] ==> ignore
    arg [-o] ==> ignore
    arg [cmTC_7abd3] ==> ignore
    arg [/home/sgs/android/sdk/android-sdk-linux/android-ndk-r16b/platforms/android-26/arch-arm/usr/lib/../lib/crtbegin_dynamic.o] ==> ignore
    arg [-L/home/sgs/android/sdk/android-sdk-linux/android-ndk-r16b/toolchains/llvm/prebuilt/linux-x86_64/lib64/clang/5.0.300080/lib/linux/arm] ==> dir [/home/sgs/android/sdk/android-sdk-linux/android-ndk-r16b/toolchains/llvm/prebuilt/linux-x86_64/lib64/clang/5.0.300080/lib/linux/arm]
    arg [-L/home/sgs/android/sdk/android-sdk-linux/android-ndk-r16b/toolchains/arm-linux-androideabi-4.9/prebuilt/linux-x86_64/lib/gcc/arm-linux-androideabi/4.9.x] ==> dir [/home/sgs/android/sdk/android-sdk-linux/android-ndk-r16b/toolchains/arm-linux-androideabi-4.9/prebuilt/linux-x86_64/lib/gcc/arm-linux-androideabi/4.9.x]
    arg [-L/home/sgs/android/sdk/android-sdk-linux/android-ndk-r16b/toolchains/arm-linux-androideabi-4.9/prebuilt/linux-x86_64/lib/gcc/arm-linux-androideabi/4.9.x/../../../../arm-linux-androideabi/lib/../lib] ==> dir [/home/sgs/android/sdk/android-sdk-linux/android-ndk-r16b/toolchains/arm-linux-androideabi-4.9/prebuilt/linux-x86_64/lib/gcc/arm-linux-androideabi/4.9.x/../../../../arm-linux-androideabi/lib/../lib]
    arg [-L/home/sgs/android/sdk/android-sdk-linux/android-ndk-r16b/platforms/android-26/arch-arm/usr/lib/../lib] ==> dir [/home/sgs/android/sdk/android-sdk-linux/android-ndk-r16b/platforms/android-26/arch-arm/usr/lib/../lib]
    arg [-L/home/sgs/android/sdk/android-sdk-linux/android-ndk-r16b/toolchains/arm-linux-androideabi-4.9/prebuilt/linux-x86_64/lib/gcc/arm-linux-androideabi/4.9.x/../../../../arm-linux-androideabi/lib] ==> dir [/home/sgs/android/sdk/android-sdk-linux/android-ndk-r16b/toolchains/arm-linux-androideabi-4.9/prebuilt/linux-x86_64/lib/gcc/arm-linux-androideabi/4.9.x/../../../../arm-linux-androideabi/lib]
    arg [-L/home/sgs/android/sdk/android-sdk-linux/android-ndk-r16b/platforms/android-26/arch-arm/usr/lib] ==> dir [/home/sgs/android/sdk/android-sdk-linux/android-ndk-r16b/platforms/android-26/arch-arm/usr/lib]
    arg [--gc-sections] ==> ignore
    arg [-znocopyreloc] ==> ignore
    arg [CMakeFiles/cmTC_7abd3.dir/CMakeCXXCompilerABI.cpp.o] ==> ignore
    arg [/home/sgs/android/sdk/android-sdk-linux/android-ndk-r16b/sources/cxx-stl/gnu-libstdc++/4.9/libs/armeabi/libgnustl_static.a] ==> lib [/home/sgs/android/sdk/android-sdk-linux/android-ndk-r16b/sources/cxx-stl/gnu-libstdc++/4.9/libs/armeabi/libgnustl_static.a]
    arg [-lgcc] ==> lib [gcc]
    arg [-lc] ==> lib [c]
    arg [-lm] ==> lib [m]
    arg [-ldl] ==> lib [dl]
    arg [/home/sgs/android/sdk/android-sdk-linux/android-ndk-r16b/platforms/android-26/arch-arm/usr/lib/../lib/crtend_android.o] ==> ignore
  collapse library dir [/home/sgs/android/sdk/android-sdk-linux/android-ndk-r16b/toolchains/llvm/prebuilt/linux-x86_64/lib64/clang/5.0.300080/lib/linux/arm] ==> [/home/sgs/android/sdk/android-sdk-linux/android-ndk-r16b/toolchains/llvm/prebuilt/linux-x86_64/lib64/clang/5.0.300080/lib/linux/arm]
  collapse library dir [/home/sgs/android/sdk/android-sdk-linux/android-ndk-r16b/toolchains/arm-linux-androideabi-4.9/prebuilt/linux-x86_64/lib/gcc/arm-linux-androideabi/4.9.x] ==> [/home/sgs/android/sdk/android-sdk-linux/android-ndk-r16b/toolchains/arm-linux-androideabi-4.9/prebuilt/linux-x86_64/lib/gcc/arm-linux-androideabi/4.9.x]
  collapse library dir [/home/sgs/android/sdk/android-sdk-linux/android-ndk-r16b/toolchains/arm-linux-androideabi-4.9/prebuilt/linux-x86_64/lib/gcc/arm-linux-androideabi/4.9.x/../../../../arm-linux-androideabi/lib/../lib] ==> [/home/sgs/android/sdk/android-sdk-linux/android-ndk-r16b/toolchains/arm-linux-androideabi-4.9/prebuilt/linux-x86_64/arm-linux-androideabi/lib]
  collapse library dir [/home/sgs/android/sdk/android-sdk-linux/android-ndk-r16b/platforms/android-26/arch-arm/usr/lib/../lib] ==> [/home/sgs/android/sdk/android-sdk-linux/android-ndk-r16b/platforms/android-26/arch-arm/usr/lib]
  collapse library dir [/home/sgs/android/sdk/android-sdk-linux/android-ndk-r16b/toolchains/arm-linux-androideabi-4.9/prebuilt/linux-x86_64/lib/gcc/arm-linux-androideabi/4.9.x/../../../../arm-linux-androideabi/lib] ==> [/home/sgs/android/sdk/android-sdk-linux/android-ndk-r16b/toolchains/arm-linux-androideabi-4.9/prebuilt/linux-x86_64/arm-linux-androideabi/lib]
  collapse library dir [/home/sgs/android/sdk/android-sdk-linux/android-ndk-r16b/platforms/android-26/arch-arm/usr/lib] ==> [/home/sgs/android/sdk/android-sdk-linux/android-ndk-r16b/platforms/android-26/arch-arm/usr/lib]
  implicit libs: [/home/sgs/android/sdk/android-sdk-linux/android-ndk-r16b/sources/cxx-stl/gnu-libstdc++/4.9/libs/armeabi/libgnustl_static.a;gcc;c;m;dl]
  implicit dirs: [/home/sgs/android/sdk/android-sdk-linux/android-ndk-r16b/toolchains/llvm/prebuilt/linux-x86_64/lib64/clang/5.0.300080/lib/linux/arm;/home/sgs/android/sdk/android-sdk-linux/android-ndk-r16b/toolchains/arm-linux-androideabi-4.9/prebuilt/linux-x86_64/lib/gcc/arm-linux-androideabi/4.9.x;/home/sgs/android/sdk/android-sdk-linux/android-ndk-r16b/toolchains/arm-linux-androideabi-4.9/prebuilt/linux-x86_64/arm-linux-androideabi/lib;/home/sgs/android/sdk/android-sdk-linux/android-ndk-r16b/platforms/android-26/arch-arm/usr/lib]
  implicit fwks: []




Detecting CXX [-std=c++1z] compiler features compiled with the following output:
Change Dir: /home/sgs/code/github/c/ExceptionControl/cmake-build-arm-v7a/CMakeFiles/CMakeTmp

Run Build Command:"/usr/bin/make" "cmTC_ccaf7/fast"
/usr/bin/make -f CMakeFiles/cmTC_ccaf7.dir/build.make CMakeFiles/cmTC_ccaf7.dir/build
make[1]: Entering directory '/home/sgs/code/github/c/ExceptionControl/cmake-build-arm-v7a/CMakeFiles/CMakeTmp'
Building CXX object CMakeFiles/cmTC_ccaf7.dir/feature_tests.cxx.o
/home/sgs/android/sdk/android-sdk-linux/android-ndk-r16b/toolchains/llvm/prebuilt/linux-x86_64/bin/clang++ --target=armv5te-none-linux-androideabi --gcc-toolchain=/home/sgs/android/sdk/android-sdk-linux/android-ndk-r16b/toolchains/arm-linux-androideabi-4.9/prebuilt/linux-x86_64 --sysroot=/home/sgs/android/sdk/android-sdk-linux/android-ndk-r16b/sysroot   -isystem /home/sgs/android/sdk/android-sdk-linux/android-ndk-r16b/sources/cxx-stl/gnu-libstdc++/4.9/include -isystem /home/sgs/android/sdk/android-sdk-linux/android-ndk-r16b/sources/cxx-stl/gnu-libstdc++/4.9/libs/armeabi/include -isystem /home/sgs/android/sdk/android-sdk-linux/android-ndk-r16b/sources/cxx-stl/gnu-libstdc++/4.9/include/backward -isystem /home/sgs/android/sdk/android-sdk-linux/android-ndk-r16b/sysroot/usr/include -isystem /home/sgs/android/sdk/android-sdk-linux/android-ndk-r16b/sysroot/usr/include/arm-linux-androideabi  -g -fPIE   -std=c++1z -o CMakeFiles/cmTC_ccaf7.dir/feature_tests.cxx.o -c /home/sgs/code/github/c/ExceptionControl/cmake-build-arm-v7a/CMakeFiles/feature_tests.cxx
Linking CXX executable cmTC_ccaf7
/home/sgs/usr/local/clion-2018.2.3/bin/cmake/linux/bin/cmake -E cmake_link_script CMakeFiles/cmTC_ccaf7.dir/link.txt --verbose=1
/home/sgs/android/sdk/android-sdk-linux/android-ndk-r16b/toolchains/llvm/prebuilt/linux-x86_64/bin/clang++ --target=armv5te-none-linux-androideabi --gcc-toolchain=/home/sgs/android/sdk/android-sdk-linux/android-ndk-r16b/toolchains/arm-linux-androideabi-4.9/prebuilt/linux-x86_64 --sysroot=/home/sgs/android/sdk/android-sdk-linux/android-ndk-r16b/platforms/android-26/arch-arm    -g  -fPIE -pie -Wl,--gc-sections -Wl,-z,nocopyreloc  CMakeFiles/cmTC_ccaf7.dir/feature_tests.cxx.o  -o cmTC_ccaf7  "/home/sgs/android/sdk/android-sdk-linux/android-ndk-r16b/sources/cxx-stl/gnu-libstdc++/4.9/libs/armeabi/libgnustl_static.a" -nodefaultlibs -lgcc -lc -lm -ldl 
make[1]: Leaving directory '/home/sgs/code/github/c/ExceptionControl/cmake-build-arm-v7a/CMakeFiles/CMakeTmp'


    Feature record: CXX_FEATURE:1cxx_aggregate_default_initializers
    Feature record: CXX_FEATURE:1cxx_alias_templates
    Feature record: CXX_FEATURE:1cxx_alignas
    Feature record: CXX_FEATURE:1cxx_alignof
    Feature record: CXX_FEATURE:1cxx_attributes
    Feature record: CXX_FEATURE:1cxx_attribute_deprecated
    Feature record: CXX_FEATURE:1cxx_auto_type
    Feature record: CXX_FEATURE:1cxx_binary_literals
    Feature record: CXX_FEATURE:1cxx_constexpr
    Feature record: CXX_FEATURE:1cxx_contextual_conversions
    Feature record: CXX_FEATURE:1cxx_decltype
    Feature record: CXX_FEATURE:1cxx_decltype_auto
    Feature record: CXX_FEATURE:1cxx_decltype_incomplete_return_types
    Feature record: CXX_FEATURE:1cxx_default_function_template_args
    Feature record: CXX_FEATURE:1cxx_defaulted_functions
    Feature record: CXX_FEATURE:1cxx_defaulted_move_initializers
    Feature record: CXX_FEATURE:1cxx_delegating_constructors
    Feature record: CXX_FEATURE:1cxx_deleted_functions
    Feature record: CXX_FEATURE:1cxx_digit_separators
    Feature record: CXX_FEATURE:1cxx_enum_forward_declarations
    Feature record: CXX_FEATURE:1cxx_explicit_conversions
    Feature record: CXX_FEATURE:1cxx_extended_friend_declarations
    Feature record: CXX_FEATURE:1cxx_extern_templates
    Feature record: CXX_FEATURE:1cxx_final
    Feature record: CXX_FEATURE:1cxx_func_identifier
    Feature record: CXX_FEATURE:1cxx_generalized_initializers
    Feature record: CXX_FEATURE:1cxx_generic_lambdas
    Feature record: CXX_FEATURE:1cxx_inheriting_constructors
    Feature record: CXX_FEATURE:1cxx_inline_namespaces
    Feature record: CXX_FEATURE:1cxx_lambdas
    Feature record: CXX_FEATURE:1cxx_lambda_init_captures
    Feature record: CXX_FEATURE:1cxx_local_type_template_args
    Feature record: CXX_FEATURE:1cxx_long_long_type
    Feature record: CXX_FEATURE:1cxx_noexcept
    Feature record: CXX_FEATURE:1cxx_nonstatic_member_init
    Feature record: CXX_FEATURE:1cxx_nullptr
    Feature record: CXX_FEATURE:1cxx_override
    Feature record: CXX_FEATURE:1cxx_range_for
    Feature record: CXX_FEATURE:1cxx_raw_string_literals
    Feature record: CXX_FEATURE:1cxx_reference_qualified_functions
    Feature record: CXX_FEATURE:1cxx_relaxed_constexpr
    Feature record: CXX_FEATURE:1cxx_return_type_deduction
    Feature record: CXX_FEATURE:1cxx_right_angle_brackets
    Feature record: CXX_FEATURE:1cxx_rvalue_references
    Feature record: CXX_FEATURE:1cxx_sizeof_member
    Feature record: CXX_FEATURE:1cxx_static_assert
    Feature record: CXX_FEATURE:1cxx_strong_enums
    Feature record: CXX_FEATURE:1cxx_template_template_parameters
    Feature record: CXX_FEATURE:1cxx_thread_local
    Feature record: CXX_FEATURE:1cxx_trailing_return_types
    Feature record: CXX_FEATURE:1cxx_unicode_literals
    Feature record: CXX_FEATURE:1cxx_uniform_initialization
    Feature record: CXX_FEATURE:1cxx_unrestricted_unions
    Feature record: CXX_FEATURE:1cxx_user_literals
    Feature record: CXX_FEATURE:1cxx_variable_templates
    Feature record: CXX_FEATURE:1cxx_variadic_macros
    Feature record: CXX_FEATURE:1cxx_variadic_templates


Detecting CXX [-std=c++14] compiler features compiled with the following output:
Change Dir: /home/sgs/code/github/c/ExceptionControl/cmake-build-arm-v7a/CMakeFiles/CMakeTmp

Run Build Command:"/usr/bin/make" "cmTC_96b03/fast"
/usr/bin/make -f CMakeFiles/cmTC_96b03.dir/build.make CMakeFiles/cmTC_96b03.dir/build
make[1]: Entering directory '/home/sgs/code/github/c/ExceptionControl/cmake-build-arm-v7a/CMakeFiles/CMakeTmp'
Building CXX object CMakeFiles/cmTC_96b03.dir/feature_tests.cxx.o
/home/sgs/android/sdk/android-sdk-linux/android-ndk-r16b/toolchains/llvm/prebuilt/linux-x86_64/bin/clang++ --target=armv5te-none-linux-androideabi --gcc-toolchain=/home/sgs/android/sdk/android-sdk-linux/android-ndk-r16b/toolchains/arm-linux-androideabi-4.9/prebuilt/linux-x86_64 --sysroot=/home/sgs/android/sdk/android-sdk-linux/android-ndk-r16b/sysroot   -isystem /home/sgs/android/sdk/android-sdk-linux/android-ndk-r16b/sources/cxx-stl/gnu-libstdc++/4.9/include -isystem /home/sgs/android/sdk/android-sdk-linux/android-ndk-r16b/sources/cxx-stl/gnu-libstdc++/4.9/libs/armeabi/include -isystem /home/sgs/android/sdk/android-sdk-linux/android-ndk-r16b/sources/cxx-stl/gnu-libstdc++/4.9/include/backward -isystem /home/sgs/android/sdk/android-sdk-linux/android-ndk-r16b/sysroot/usr/include -isystem /home/sgs/android/sdk/android-sdk-linux/android-ndk-r16b/sysroot/usr/include/arm-linux-androideabi  -g -fPIE   -std=c++14 -o CMakeFiles/cmTC_96b03.dir/feature_tests.cxx.o -c /home/sgs/code/github/c/ExceptionControl/cmake-build-arm-v7a/CMakeFiles/feature_tests.cxx
Linking CXX executable cmTC_96b03
/home/sgs/usr/local/clion-2018.2.3/bin/cmake/linux/bin/cmake -E cmake_link_script CMakeFiles/cmTC_96b03.dir/link.txt --verbose=1
/home/sgs/android/sdk/android-sdk-linux/android-ndk-r16b/toolchains/llvm/prebuilt/linux-x86_64/bin/clang++ --target=armv5te-none-linux-androideabi --gcc-toolchain=/home/sgs/android/sdk/android-sdk-linux/android-ndk-r16b/toolchains/arm-linux-androideabi-4.9/prebuilt/linux-x86_64 --sysroot=/home/sgs/android/sdk/android-sdk-linux/android-ndk-r16b/platforms/android-26/arch-arm    -g  -fPIE -pie -Wl,--gc-sections -Wl,-z,nocopyreloc  CMakeFiles/cmTC_96b03.dir/feature_tests.cxx.o  -o cmTC_96b03  "/home/sgs/android/sdk/android-sdk-linux/android-ndk-r16b/sources/cxx-stl/gnu-libstdc++/4.9/libs/armeabi/libgnustl_static.a" -nodefaultlibs -lgcc -lc -lm -ldl 
make[1]: Leaving directory '/home/sgs/code/github/c/ExceptionControl/cmake-build-arm-v7a/CMakeFiles/CMakeTmp'


    Feature record: CXX_FEATURE:1cxx_aggregate_default_initializers
    Feature record: CXX_FEATURE:1cxx_alias_templates
    Feature record: CXX_FEATURE:1cxx_alignas
    Feature record: CXX_FEATURE:1cxx_alignof
    Feature record: CXX_FEATURE:1cxx_attributes
    Feature record: CXX_FEATURE:1cxx_attribute_deprecated
    Feature record: CXX_FEATURE:1cxx_auto_type
    Feature record: CXX_FEATURE:1cxx_binary_literals
    Feature record: CXX_FEATURE:1cxx_constexpr
    Feature record: CXX_FEATURE:1cxx_contextual_conversions
    Feature record: CXX_FEATURE:1cxx_decltype
    Feature record: CXX_FEATURE:1cxx_decltype_auto
    Feature record: CXX_FEATURE:1cxx_decltype_incomplete_return_types
    Feature record: CXX_FEATURE:1cxx_default_function_template_args
    Feature record: CXX_FEATURE:1cxx_defaulted_functions
    Feature record: CXX_FEATURE:1cxx_defaulted_move_initializers
    Feature record: CXX_FEATURE:1cxx_delegating_constructors
    Feature record: CXX_FEATURE:1cxx_deleted_functions
    Feature record: CXX_FEATURE:1cxx_digit_separators
    Feature record: CXX_FEATURE:1cxx_enum_forward_declarations
    Feature record: CXX_FEATURE:1cxx_explicit_conversions
    Feature record: CXX_FEATURE:1cxx_extended_friend_declarations
    Feature record: CXX_FEATURE:1cxx_extern_templates
    Feature record: CXX_FEATURE:1cxx_final
    Feature record: CXX_FEATURE:1cxx_func_identifier
    Feature record: CXX_FEATURE:1cxx_generalized_initializers
    Feature record: CXX_FEATURE:1cxx_generic_lambdas
    Feature record: CXX_FEATURE:1cxx_inheriting_constructors
    Feature record: CXX_FEATURE:1cxx_inline_namespaces
    Feature record: CXX_FEATURE:1cxx_lambdas
    Feature record: CXX_FEATURE:1cxx_lambda_init_captures
    Feature record: CXX_FEATURE:1cxx_local_type_template_args
    Feature record: CXX_FEATURE:1cxx_long_long_type
    Feature record: CXX_FEATURE:1cxx_noexcept
    Feature record: CXX_FEATURE:1cxx_nonstatic_member_init
    Feature record: CXX_FEATURE:1cxx_nullptr
    Feature record: CXX_FEATURE:1cxx_override
    Feature record: CXX_FEATURE:1cxx_range_for
    Feature record: CXX_FEATURE:1cxx_raw_string_literals
    Feature record: CXX_FEATURE:1cxx_reference_qualified_functions
    Feature record: CXX_FEATURE:1cxx_relaxed_constexpr
    Feature record: CXX_FEATURE:1cxx_return_type_deduction
    Feature record: CXX_FEATURE:1cxx_right_angle_brackets
    Feature record: CXX_FEATURE:1cxx_rvalue_references
    Feature record: CXX_FEATURE:1cxx_sizeof_member
    Feature record: CXX_FEATURE:1cxx_static_assert
    Feature record: CXX_FEATURE:1cxx_strong_enums
    Feature record: CXX_FEATURE:1cxx_template_template_parameters
    Feature record: CXX_FEATURE:1cxx_thread_local
    Feature record: CXX_FEATURE:1cxx_trailing_return_types
    Feature record: CXX_FEATURE:1cxx_unicode_literals
    Feature record: CXX_FEATURE:1cxx_uniform_initialization
    Feature record: CXX_FEATURE:1cxx_unrestricted_unions
    Feature record: CXX_FEATURE:1cxx_user_literals
    Feature record: CXX_FEATURE:1cxx_variable_templates
    Feature record: CXX_FEATURE:1cxx_variadic_macros
    Feature record: CXX_FEATURE:1cxx_variadic_templates


Detecting CXX [-std=c++11] compiler features compiled with the following output:
Change Dir: /home/sgs/code/github/c/ExceptionControl/cmake-build-arm-v7a/CMakeFiles/CMakeTmp

Run Build Command:"/usr/bin/make" "cmTC_989d9/fast"
/usr/bin/make -f CMakeFiles/cmTC_989d9.dir/build.make CMakeFiles/cmTC_989d9.dir/build
make[1]: Entering directory '/home/sgs/code/github/c/ExceptionControl/cmake-build-arm-v7a/CMakeFiles/CMakeTmp'
Building CXX object CMakeFiles/cmTC_989d9.dir/feature_tests.cxx.o
/home/sgs/android/sdk/android-sdk-linux/android-ndk-r16b/toolchains/llvm/prebuilt/linux-x86_64/bin/clang++ --target=armv5te-none-linux-androideabi --gcc-toolchain=/home/sgs/android/sdk/android-sdk-linux/android-ndk-r16b/toolchains/arm-linux-androideabi-4.9/prebuilt/linux-x86_64 --sysroot=/home/sgs/android/sdk/android-sdk-linux/android-ndk-r16b/sysroot   -isystem /home/sgs/android/sdk/android-sdk-linux/android-ndk-r16b/sources/cxx-stl/gnu-libstdc++/4.9/include -isystem /home/sgs/android/sdk/android-sdk-linux/android-ndk-r16b/sources/cxx-stl/gnu-libstdc++/4.9/libs/armeabi/include -isystem /home/sgs/android/sdk/android-sdk-linux/android-ndk-r16b/sources/cxx-stl/gnu-libstdc++/4.9/include/backward -isystem /home/sgs/android/sdk/android-sdk-linux/android-ndk-r16b/sysroot/usr/include -isystem /home/sgs/android/sdk/android-sdk-linux/android-ndk-r16b/sysroot/usr/include/arm-linux-androideabi  -g -fPIE   -std=c++11 -o CMakeFiles/cmTC_989d9.dir/feature_tests.cxx.o -c /home/sgs/code/github/c/ExceptionControl/cmake-build-arm-v7a/CMakeFiles/feature_tests.cxx
Linking CXX executable cmTC_989d9
/home/sgs/usr/local/clion-2018.2.3/bin/cmake/linux/bin/cmake -E cmake_link_script CMakeFiles/cmTC_989d9.dir/link.txt --verbose=1
/home/sgs/android/sdk/android-sdk-linux/android-ndk-r16b/toolchains/llvm/prebuilt/linux-x86_64/bin/clang++ --target=armv5te-none-linux-androideabi --gcc-toolchain=/home/sgs/android/sdk/android-sdk-linux/android-ndk-r16b/toolchains/arm-linux-androideabi-4.9/prebuilt/linux-x86_64 --sysroot=/home/sgs/android/sdk/android-sdk-linux/android-ndk-r16b/platforms/android-26/arch-arm    -g  -fPIE -pie -Wl,--gc-sections -Wl,-z,nocopyreloc  CMakeFiles/cmTC_989d9.dir/feature_tests.cxx.o  -o cmTC_989d9  "/home/sgs/android/sdk/android-sdk-linux/android-ndk-r16b/sources/cxx-stl/gnu-libstdc++/4.9/libs/armeabi/libgnustl_static.a" -nodefaultlibs -lgcc -lc -lm -ldl 
make[1]: Leaving directory '/home/sgs/code/github/c/ExceptionControl/cmake-build-arm-v7a/CMakeFiles/CMakeTmp'


    Feature record: CXX_FEATURE:0cxx_aggregate_default_initializers
    Feature record: CXX_FEATURE:1cxx_alias_templates
    Feature record: CXX_FEATURE:1cxx_alignas
    Feature record: CXX_FEATURE:1cxx_alignof
    Feature record: CXX_FEATURE:1cxx_attributes
    Feature record: CXX_FEATURE:0cxx_attribute_deprecated
    Feature record: CXX_FEATURE:1cxx_auto_type
    Feature record: CXX_FEATURE:0cxx_binary_literals
    Feature record: CXX_FEATURE:1cxx_constexpr
    Feature record: CXX_FEATURE:0cxx_contextual_conversions
    Feature record: CXX_FEATURE:1cxx_decltype
    Feature record: CXX_FEATURE:0cxx_decltype_auto
    Feature record: CXX_FEATURE:1cxx_decltype_incomplete_return_types
    Feature record: CXX_FEATURE:1cxx_default_function_template_args
    Feature record: CXX_FEATURE:1cxx_defaulted_functions
    Feature record: CXX_FEATURE:1cxx_defaulted_move_initializers
    Feature record: CXX_FEATURE:1cxx_delegating_constructors
    Feature record: CXX_FEATURE:1cxx_deleted_functions
    Feature record: CXX_FEATURE:0cxx_digit_separators
    Feature record: CXX_FEATURE:1cxx_enum_forward_declarations
    Feature record: CXX_FEATURE:1cxx_explicit_conversions
    Feature record: CXX_FEATURE:1cxx_extended_friend_declarations
    Feature record: CXX_FEATURE:1cxx_extern_templates
    Feature record: CXX_FEATURE:1cxx_final
    Feature record: CXX_FEATURE:1cxx_func_identifier
    Feature record: CXX_FEATURE:1cxx_generalized_initializers
    Feature record: CXX_FEATURE:0cxx_generic_lambdas
    Feature record: CXX_FEATURE:1cxx_inheriting_constructors
    Feature record: CXX_FEATURE:1cxx_inline_namespaces
    Feature record: CXX_FEATURE:1cxx_lambdas
    Feature record: CXX_FEATURE:0cxx_lambda_init_captures
    Feature record: CXX_FEATURE:1cxx_local_type_template_args
    Feature record: CXX_FEATURE:1cxx_long_long_type
    Feature record: CXX_FEATURE:1cxx_noexcept
    Feature record: CXX_FEATURE:1cxx_nonstatic_member_init
    Feature record: CXX_FEATURE:1cxx_nullptr
    Feature record: CXX_FEATURE:1cxx_override
    Feature record: CXX_FEATURE:1cxx_range_for
    Feature record: CXX_FEATURE:1cxx_raw_string_literals
    Feature record: CXX_FEATURE:1cxx_reference_qualified_functions
    Feature record: CXX_FEATURE:0cxx_relaxed_constexpr
    Feature record: CXX_FEATURE:0cxx_return_type_deduction
    Feature record: CXX_FEATURE:1cxx_right_angle_brackets
    Feature record: CXX_FEATURE:1cxx_rvalue_references
    Feature record: CXX_FEATURE:1cxx_sizeof_member
    Feature record: CXX_FEATURE:1cxx_static_assert
    Feature record: CXX_FEATURE:1cxx_strong_enums
    Feature record: CXX_FEATURE:1cxx_template_template_parameters
    Feature record: CXX_FEATURE:1cxx_thread_local
    Feature record: CXX_FEATURE:1cxx_trailing_return_types
    Feature record: CXX_FEATURE:1cxx_unicode_literals
    Feature record: CXX_FEATURE:1cxx_uniform_initialization
    Feature record: CXX_FEATURE:1cxx_unrestricted_unions
    Feature record: CXX_FEATURE:1cxx_user_literals
    Feature record: CXX_FEATURE:0cxx_variable_templates
    Feature record: CXX_FEATURE:1cxx_variadic_macros
    Feature record: CXX_FEATURE:1cxx_variadic_templates


Detecting CXX [-std=c++98] compiler features compiled with the following output:
Change Dir: /home/sgs/code/github/c/ExceptionControl/cmake-build-arm-v7a/CMakeFiles/CMakeTmp

Run Build Command:"/usr/bin/make" "cmTC_b6336/fast"
/usr/bin/make -f CMakeFiles/cmTC_b6336.dir/build.make CMakeFiles/cmTC_b6336.dir/build
make[1]: Entering directory '/home/sgs/code/github/c/ExceptionControl/cmake-build-arm-v7a/CMakeFiles/CMakeTmp'
Building CXX object CMakeFiles/cmTC_b6336.dir/feature_tests.cxx.o
/home/sgs/android/sdk/android-sdk-linux/android-ndk-r16b/toolchains/llvm/prebuilt/linux-x86_64/bin/clang++ --target=armv5te-none-linux-androideabi --gcc-toolchain=/home/sgs/android/sdk/android-sdk-linux/android-ndk-r16b/toolchains/arm-linux-androideabi-4.9/prebuilt/linux-x86_64 --sysroot=/home/sgs/android/sdk/android-sdk-linux/android-ndk-r16b/sysroot   -isystem /home/sgs/android/sdk/android-sdk-linux/android-ndk-r16b/sources/cxx-stl/gnu-libstdc++/4.9/include -isystem /home/sgs/android/sdk/android-sdk-linux/android-ndk-r16b/sources/cxx-stl/gnu-libstdc++/4.9/libs/armeabi/include -isystem /home/sgs/android/sdk/android-sdk-linux/android-ndk-r16b/sources/cxx-stl/gnu-libstdc++/4.9/include/backward -isystem /home/sgs/android/sdk/android-sdk-linux/android-ndk-r16b/sysroot/usr/include -isystem /home/sgs/android/sdk/android-sdk-linux/android-ndk-r16b/sysroot/usr/include/arm-linux-androideabi  -g -fPIE   -std=c++98 -o CMakeFiles/cmTC_b6336.dir/feature_tests.cxx.o -c /home/sgs/code/github/c/ExceptionControl/cmake-build-arm-v7a/CMakeFiles/feature_tests.cxx
Linking CXX executable cmTC_b6336
/home/sgs/usr/local/clion-2018.2.3/bin/cmake/linux/bin/cmake -E cmake_link_script CMakeFiles/cmTC_b6336.dir/link.txt --verbose=1
/home/sgs/android/sdk/android-sdk-linux/android-ndk-r16b/toolchains/llvm/prebuilt/linux-x86_64/bin/clang++ --target=armv5te-none-linux-androideabi --gcc-toolchain=/home/sgs/android/sdk/android-sdk-linux/android-ndk-r16b/toolchains/arm-linux-androideabi-4.9/prebuilt/linux-x86_64 --sysroot=/home/sgs/android/sdk/android-sdk-linux/android-ndk-r16b/platforms/android-26/arch-arm    -g  -fPIE -pie -Wl,--gc-sections -Wl,-z,nocopyreloc  CMakeFiles/cmTC_b6336.dir/feature_tests.cxx.o  -o cmTC_b6336  "/home/sgs/android/sdk/android-sdk-linux/android-ndk-r16b/sources/cxx-stl/gnu-libstdc++/4.9/libs/armeabi/libgnustl_static.a" -nodefaultlibs -lgcc -lc -lm -ldl 
make[1]: Leaving directory '/home/sgs/code/github/c/ExceptionControl/cmake-build-arm-v7a/CMakeFiles/CMakeTmp'


    Feature record: CXX_FEATURE:0cxx_aggregate_default_initializers
    Feature record: CXX_FEATURE:0cxx_alias_templates
    Feature record: CXX_FEATURE:0cxx_alignas
    Feature record: CXX_FEATURE:0cxx_alignof
    Feature record: CXX_FEATURE:0cxx_attributes
    Feature record: CXX_FEATURE:0cxx_attribute_deprecated
    Feature record: CXX_FEATURE:0cxx_auto_type
    Feature record: CXX_FEATURE:0cxx_binary_literals
    Feature record: CXX_FEATURE:0cxx_constexpr
    Feature record: CXX_FEATURE:0cxx_contextual_conversions
    Feature record: CXX_FEATURE:0cxx_decltype
    Feature record: CXX_FEATURE:0cxx_decltype_auto
    Feature record: CXX_FEATURE:0cxx_decltype_incomplete_return_types
    Feature record: CXX_FEATURE:0cxx_default_function_template_args
    Feature record: CXX_FEATURE:0cxx_defaulted_functions
    Feature record: CXX_FEATURE:0cxx_defaulted_move_initializers
    Feature record: CXX_FEATURE:0cxx_delegating_constructors
    Feature record: CXX_FEATURE:0cxx_deleted_functions
    Feature record: CXX_FEATURE:0cxx_digit_separators
    Feature record: CXX_FEATURE:0cxx_enum_forward_declarations
    Feature record: CXX_FEATURE:0cxx_explicit_conversions
    Feature record: CXX_FEATURE:0cxx_extended_friend_declarations
    Feature record: CXX_FEATURE:0cxx_extern_templates
    Feature record: CXX_FEATURE:0cxx_final
    Feature record: CXX_FEATURE:0cxx_func_identifier
    Feature record: CXX_FEATURE:0cxx_generalized_initializers
    Feature record: CXX_FEATURE:0cxx_generic_lambdas
    Feature record: CXX_FEATURE:0cxx_inheriting_constructors
    Feature record: CXX_FEATURE:0cxx_inline_namespaces
    Feature record: CXX_FEATURE:0cxx_lambdas
    Feature record: CXX_FEATURE:0cxx_lambda_init_captures
    Feature record: CXX_FEATURE:0cxx_local_type_template_args
    Feature record: CXX_FEATURE:0cxx_long_long_type
    Feature record: CXX_FEATURE:0cxx_noexcept
    Feature record: CXX_FEATURE:0cxx_nonstatic_member_init
    Feature record: CXX_FEATURE:0cxx_nullptr
    Feature record: CXX_FEATURE:0cxx_override
    Feature record: CXX_FEATURE:0cxx_range_for
    Feature record: CXX_FEATURE:0cxx_raw_string_literals
    Feature record: CXX_FEATURE:0cxx_reference_qualified_functions
    Feature record: CXX_FEATURE:0cxx_relaxed_constexpr
    Feature record: CXX_FEATURE:0cxx_return_type_deduction
    Feature record: CXX_FEATURE:0cxx_right_angle_brackets
    Feature record: CXX_FEATURE:0cxx_rvalue_references
    Feature record: CXX_FEATURE:0cxx_sizeof_member
    Feature record: CXX_FEATURE:0cxx_static_assert
    Feature record: CXX_FEATURE:0cxx_strong_enums
    Feature record: CXX_FEATURE:1cxx_template_template_parameters
    Feature record: CXX_FEATURE:0cxx_thread_local
    Feature record: CXX_FEATURE:0cxx_trailing_return_types
    Feature record: CXX_FEATURE:0cxx_unicode_literals
    Feature record: CXX_FEATURE:0cxx_uniform_initialization
    Feature record: CXX_FEATURE:0cxx_unrestricted_unions
    Feature record: CXX_FEATURE:0cxx_user_literals
    Feature record: CXX_FEATURE:0cxx_variable_templates
    Feature record: CXX_FEATURE:0cxx_variadic_macros
    Feature record: CXX_FEATURE:0cxx_variadic_templates
Determining if the include file pthread.h exists passed with the following output:
Change Dir: /home/sgs/code/github/c/ExceptionControl/cmake-build-arm-v7a/CMakeFiles/CMakeTmp

Run Build Command:"/usr/bin/make" "cmTC_23c47/fast"
/usr/bin/make -f CMakeFiles/cmTC_23c47.dir/build.make CMakeFiles/cmTC_23c47.dir/build
make[1]: Entering directory '/home/sgs/code/github/c/ExceptionControl/cmake-build-arm-v7a/CMakeFiles/CMakeTmp'
Building C object CMakeFiles/cmTC_23c47.dir/CheckIncludeFile.c.o
/home/sgs/android/sdk/android-sdk-linux/android-ndk-r16b/toolchains/llvm/prebuilt/linux-x86_64/bin/clang --target=armv5te-none-linux-androideabi --gcc-toolchain=/home/sgs/android/sdk/android-sdk-linux/android-ndk-r16b/toolchains/arm-linux-androideabi-4.9/prebuilt/linux-x86_64 --sysroot=/home/sgs/android/sdk/android-sdk-linux/android-ndk-r16b/sysroot  -isystem /home/sgs/android/sdk/android-sdk-linux/android-ndk-r16b/sysroot/usr/include -isystem /home/sgs/android/sdk/android-sdk-linux/android-ndk-r16b/sysroot/usr/include/arm-linux-androideabi  -g -fPIE   -o CMakeFiles/cmTC_23c47.dir/CheckIncludeFile.c.o   -c /home/sgs/code/github/c/ExceptionControl/cmake-build-arm-v7a/CMakeFiles/CMakeTmp/CheckIncludeFile.c
Linking C executable cmTC_23c47
/home/sgs/usr/local/clion-2018.2.3/bin/cmake/linux/bin/cmake -E cmake_link_script CMakeFiles/cmTC_23c47.dir/link.txt --verbose=1
/home/sgs/android/sdk/android-sdk-linux/android-ndk-r16b/toolchains/llvm/prebuilt/linux-x86_64/bin/clang --target=armv5te-none-linux-androideabi --gcc-toolchain=/home/sgs/android/sdk/android-sdk-linux/android-ndk-r16b/toolchains/arm-linux-androideabi-4.9/prebuilt/linux-x86_64 --sysroot=/home/sgs/android/sdk/android-sdk-linux/android-ndk-r16b/platforms/android-26/arch-arm   -g  -fPIE -pie -Wl,--gc-sections -Wl,-z,nocopyreloc  CMakeFiles/cmTC_23c47.dir/CheckIncludeFile.c.o  -o cmTC_23c47 
make[1]: Leaving directory '/home/sgs/code/github/c/ExceptionControl/cmake-build-arm-v7a/CMakeFiles/CMakeTmp'


Determining if the pthread_create exist passed with the following output:
Change Dir: /home/sgs/code/github/c/ExceptionControl/cmake-build-arm-v7a/CMakeFiles/CMakeTmp

Run Build Command:"/usr/bin/make" "cmTC_1b3e5/fast"
/usr/bin/make -f CMakeFiles/cmTC_1b3e5.dir/build.make CMakeFiles/cmTC_1b3e5.dir/build
make[1]: Entering directory '/home/sgs/code/github/c/ExceptionControl/cmake-build-arm-v7a/CMakeFiles/CMakeTmp'
Building C object CMakeFiles/cmTC_1b3e5.dir/CheckSymbolExists.c.o
/home/sgs/android/sdk/android-sdk-linux/android-ndk-r16b/toolchains/llvm/prebuilt/linux-x86_64/bin/clang --target=armv5te-none-linux-androideabi --gcc-toolchain=/home/sgs/android/sdk/android-sdk-linux/android-ndk-r16b/toolchains/arm-linux-androideabi-4.9/prebuilt/linux-x86_64 --sysroot=/home/sgs/android/sdk/android-sdk-linux/android-ndk-r16b/sysroot  -isystem /home/sgs/android/sdk/android-sdk-linux/android-ndk-r16b/sysroot/usr/include -isystem /home/sgs/android/sdk/android-sdk-linux/android-ndk-r16b/sysroot/usr/include/arm-linux-androideabi  -g -fPIE   -o CMakeFiles/cmTC_1b3e5.dir/CheckSymbolExists.c.o   -c /home/sgs/code/github/c/ExceptionControl/cmake-build-arm-v7a/CMakeFiles/CMakeTmp/CheckSymbolExists.c
Linking C executable cmTC_1b3e5
/home/sgs/usr/local/clion-2018.2.3/bin/cmake/linux/bin/cmake -E cmake_link_script CMakeFiles/cmTC_1b3e5.dir/link.txt --verbose=1
/home/sgs/android/sdk/android-sdk-linux/android-ndk-r16b/toolchains/llvm/prebuilt/linux-x86_64/bin/clang --target=armv5te-none-linux-androideabi --gcc-toolchain=/home/sgs/android/sdk/android-sdk-linux/android-ndk-r16b/toolchains/arm-linux-androideabi-4.9/prebuilt/linux-x86_64 --sysroot=/home/sgs/android/sdk/android-sdk-linux/android-ndk-r16b/platforms/android-26/arch-arm   -g  -fPIE -pie -Wl,--gc-sections -Wl,-z,nocopyreloc  CMakeFiles/cmTC_1b3e5.dir/CheckSymbolExists.c.o  -o cmTC_1b3e5 
make[1]: Leaving directory '/home/sgs/code/github/c/ExceptionControl/cmake-build-arm-v7a/CMakeFiles/CMakeTmp'

File /home/sgs/code/github/c/ExceptionControl/cmake-build-arm-v7a/CMakeFiles/CMakeTmp/CheckSymbolExists.c:
/* */
#include <pthread.h>

int main(int argc, char** argv)
{
  (void)argv;
#ifndef pthread_create
  return ((int*)(&pthread_create))[argc];
#else
  (void)argc;
  return 0;
#endif
}

